Release 14.5 - xst P.58f (nt)
Copyright (c) 1995-2012 Xilinx, Inc.  All rights reserved.
--> Parameter TMPDIR set to xst/projnav.tmp


Total REAL time to Xst completion: 0.00 secs
Total CPU time to Xst completion: 0.39 secs
 
--> Parameter xsthdpdir set to xst


Total REAL time to Xst completion: 0.00 secs
Total CPU time to Xst completion: 0.39 secs
 
--> Reading design: adder.prj

TABLE OF CONTENTS
  1) Synthesis Options Summary
  2) HDL Parsing
  3) HDL Elaboration
  4) HDL Synthesis
       4.1) HDL Synthesis Report
  5) Advanced HDL Synthesis
       5.1) Advanced HDL Synthesis Report
  6) Low Level Synthesis
  7) Partition Report
  8) Design Summary
       8.1) Primitive and Black Box Usage
       8.2) Device utilization summary
       8.3) Partition Resource Summary
       8.4) Timing Report
            8.4.1) Clock Information
            8.4.2) Asynchronous Control Signals Information
            8.4.3) Timing Summary
            8.4.4) Timing Details
            8.4.5) Cross Clock Domains Report


=========================================================================
*                      Synthesis Options Summary                        *
=========================================================================
---- Source Parameters
Input File Name                    : "adder.prj"
Ignore Synthesis Constraint File   : NO

---- Target Parameters
Output File Name                   : "adder"
Output Format                      : NGC
Target Device                      : xc7a100t-3-csg324

---- Source Options
Top Module Name                    : adder
Automatic FSM Extraction           : YES
FSM Encoding Algorithm             : Auto
Safe Implementation                : No
FSM Style                          : LUT
RAM Extraction                     : Yes
RAM Style                          : Auto
ROM Extraction                     : Yes
Shift Register Extraction          : YES
ROM Style                          : Auto
Resource Sharing                   : YES
Asynchronous To Synchronous        : NO
Shift Register Minimum Size        : 2
Use DSP Block                      : Auto
Automatic Register Balancing       : No

---- Target Options
LUT Combining                      : Auto
Reduce Control Sets                : Auto
Add IO Buffers                     : YES
Global Maximum Fanout              : 100000
Add Generic Clock Buffer(BUFG)     : 32
Register Duplication               : YES
Optimize Instantiated Primitives   : NO
Use Clock Enable                   : Auto
Use Synchronous Set                : Auto
Use Synchronous Reset              : Auto
Pack IO Registers into IOBs        : Auto
Equivalent register Removal        : YES

---- General Options
Optimization Goal                  : Speed
Optimization Effort                : 1
Power Reduction                    : NO
Keep Hierarchy                     : No
Netlist Hierarchy                  : As_Optimized
RTL Output                         : Yes
Global Optimization                : AllClockNets
Read Cores                         : YES
Write Timing Constraints           : NO
Cross Clock Analysis               : NO
Hierarchy Separator                : /
Bus Delimiter                      : <>
Case Specifier                     : Maintain
Slice Utilization Ratio            : 100
BRAM Utilization Ratio             : 100
DSP48 Utilization Ratio            : 100
Auto BRAM Packing                  : NO
Slice Utilization Ratio Delta      : 5

=========================================================================


=========================================================================
*                          HDL Parsing                                  *
=========================================================================
Parsing VHDL file "C:\Users\Ashish Ojha\Desktop\vlsi\multiplier\adder.vhd" into library work
Parsing entity <adder>.
Parsing architecture <Behavioral> of entity <adder>.

=========================================================================
*                            HDL Elaboration                            *
=========================================================================

Elaborating entity <adder> (architecture <Behavioral>) from library <work>.
WARNING:HDLCompiler:92 - "C:\Users\Ashish Ojha\Desktop\vlsi\multiplier\adder.vhd" Line 52: x1 should be on the sensitivity list of the process
WARNING:HDLCompiler:92 - "C:\Users\Ashish Ojha\Desktop\vlsi\multiplier\adder.vhd" Line 53: x1 should be on the sensitivity list of the process
WARNING:HDLCompiler:92 - "C:\Users\Ashish Ojha\Desktop\vlsi\multiplier\adder.vhd" Line 55: x1 should be on the sensitivity list of the process
WARNING:HDLCompiler:92 - "C:\Users\Ashish Ojha\Desktop\vlsi\multiplier\adder.vhd" Line 56: x1 should be on the sensitivity list of the process
WARNING:HDLCompiler:92 - "C:\Users\Ashish Ojha\Desktop\vlsi\multiplier\adder.vhd" Line 58: x1 should be on the sensitivity list of the process
WARNING:HDLCompiler:92 - "C:\Users\Ashish Ojha\Desktop\vlsi\multiplier\adder.vhd" Line 59: x1 should be on the sensitivity list of the process
WARNING:HDLCompiler:92 - "C:\Users\Ashish Ojha\Desktop\vlsi\multiplier\adder.vhd" Line 61: x1 should be on the sensitivity list of the process
WARNING:HDLCompiler:92 - "C:\Users\Ashish Ojha\Desktop\vlsi\multiplier\adder.vhd" Line 62: x1 should be on the sensitivity list of the process
WARNING:HDLCompiler:92 - "C:\Users\Ashish Ojha\Desktop\vlsi\multiplier\adder.vhd" Line 64: y1 should be on the sensitivity list of the process
WARNING:HDLCompiler:92 - "C:\Users\Ashish Ojha\Desktop\vlsi\multiplier\adder.vhd" Line 65: y1 should be on the sensitivity list of the process
WARNING:HDLCompiler:92 - "C:\Users\Ashish Ojha\Desktop\vlsi\multiplier\adder.vhd" Line 67: y1 should be on the sensitivity list of the process
WARNING:HDLCompiler:92 - "C:\Users\Ashish Ojha\Desktop\vlsi\multiplier\adder.vhd" Line 68: y1 should be on the sensitivity list of the process
WARNING:HDLCompiler:92 - "C:\Users\Ashish Ojha\Desktop\vlsi\multiplier\adder.vhd" Line 70: y1 should be on the sensitivity list of the process
WARNING:HDLCompiler:92 - "C:\Users\Ashish Ojha\Desktop\vlsi\multiplier\adder.vhd" Line 71: y1 should be on the sensitivity list of the process
WARNING:HDLCompiler:92 - "C:\Users\Ashish Ojha\Desktop\vlsi\multiplier\adder.vhd" Line 74: y1 should be on the sensitivity list of the process
WARNING:HDLCompiler:92 - "C:\Users\Ashish Ojha\Desktop\vlsi\multiplier\adder.vhd" Line 78: z0 should be on the sensitivity list of the process

=========================================================================
*                           HDL Synthesis                               *
=========================================================================

Synthesizing Unit <adder>.
    Related source file is "C:\Users\Ashish Ojha\Desktop\vlsi\multiplier\adder.vhd".
    Found 14-bit adder for signal <x1[13]_y1[13]_add_9_OUT> created at line 62.
    Found 14-bit subtractor for signal <GND_6_o_GND_6_o_sub_8_OUT<13:0>> created at line 59.
    Found 14-bit subtractor for signal <GND_6_o_GND_6_o_sub_16_OUT<13:0>> created at line 71.
    Found 14-bit comparator greater for signal <y1[13]_x1[13]_LessThan_9_o> created at line 61
    Found 14-bit comparator greater for signal <x1[13]_y1[13]_LessThan_15_o> created at line 70
    Summary:
	inferred   3 Adder/Subtractor(s).
	inferred   2 Comparator(s).
	inferred   7 Multiplexer(s).
Unit <adder> synthesized.

=========================================================================
HDL Synthesis Report

Macro Statistics
# Adders/Subtractors                                   : 3
 14-bit adder                                          : 1
 14-bit subtractor                                     : 2
# Comparators                                          : 2
 14-bit comparator greater                             : 2
# Multiplexers                                         : 7
 14-bit 2-to-1 multiplexer                             : 1
 15-bit 2-to-1 multiplexer                             : 6

=========================================================================

=========================================================================
*                       Advanced HDL Synthesis                          *
=========================================================================


=========================================================================
Advanced HDL Synthesis Report

Macro Statistics
# Adders/Subtractors                                   : 3
 14-bit adder                                          : 1
 14-bit subtractor                                     : 2
# Comparators                                          : 2
 14-bit comparator greater                             : 2
# Multiplexers                                         : 7
 14-bit 2-to-1 multiplexer                             : 1
 15-bit 2-to-1 multiplexer                             : 6

=========================================================================

=========================================================================
*                         Low Level Synthesis                           *
=========================================================================

Optimizing unit <adder> ...

Mapping all equations...
Building and optimizing final netlist ...
Found area constraint ratio of 100 (+ 5) on block adder, actual ratio is 0.

Final Macro Processing ...

=========================================================================
Final Register Report

Found no macro
=========================================================================

=========================================================================
*                           Partition Report                            *
=========================================================================

Partition Implementation Status
-------------------------------

  No Partitions were found in this design.

-------------------------------

=========================================================================
*                            Design Summary                             *
=========================================================================

Top Level Output File Name         : adder.ngc

Primitive and Black Box Usage:
------------------------------
# BELS                             : 181
#      GND                         : 1
#      LUT2                        : 42
#      LUT3                        : 1
#      LUT4                        : 27
#      LUT5                        : 2
#      LUT6                        : 14
#      MUXCY                       : 51
#      VCC                         : 1
#      XORCY                       : 42
# IO Buffers                       : 45
#      IBUF                        : 30
#      OBUF                        : 15

Device utilization summary:
---------------------------

Selected Device : 7a100tcsg324-3 


Slice Logic Utilization: 
 Number of Slice LUTs:                   86  out of  63400     0%  
    Number used as Logic:                86  out of  63400     0%  

Slice Logic Distribution: 
 Number of LUT Flip Flop pairs used:     86
   Number with an unused Flip Flop:      86  out of     86   100%  
   Number with an unused LUT:             0  out of     86     0%  
   Number of fully used LUT-FF pairs:     0  out of     86     0%  
   Number of unique control sets:         0

IO Utilization: 
 Number of IOs:                          45
 Number of bonded IOBs:                  45  out of    210    21%  

Specific Feature Utilization:

---------------------------
Partition Resource Summary:
---------------------------

  No Partitions were found in this design.

---------------------------


=========================================================================
Timing Report

NOTE: THESE TIMING NUMBERS ARE ONLY A SYNTHESIS ESTIMATE.
      FOR ACCURATE TIMING INFORMATION PLEASE REFER TO THE TRACE REPORT
      GENERATED AFTER PLACE-and-ROUTE.

Clock Information:
------------------
No clock signals found in this design

Asynchronous Control Signals Information:
----------------------------------------
No asynchronous control signals found in this design

Timing Summary:
---------------
Speed Grade: -3

   Minimum period: No path found
   Minimum input arrival time before clock: No path found
   Maximum output required time after clock: No path found
   Maximum combinational path delay: 3.598ns

Timing Details:
---------------
All values displayed in nanoseconds (ns)

=========================================================================
Timing constraint: Default path analysis
  Total number of paths / destination ports: 4733 / 15
-------------------------------------------------------------------------
Delay:               3.598ns (Levels of Logic = 12)
  Source:            x<0> (PAD)
  Destination:       sum<13> (PAD)

  Data Path: x<0> to sum<13>
                                Gate     Net
    Cell:in->out      fanout   Delay   Delay  Logical Name (Net Name)
    ----------------------------------------  ------------
     IBUF:I->O             7   0.001   0.584  x_0_IBUF (x_0_IBUF)
     LUT4:I0->O            1   0.097   0.000  Mcompar_y1[13]_x1[13]_LessThan_9_o_lut<0> (Mcompar_y1[13]_x1[13]_LessThan_9_o_lut<0>)
     MUXCY:S->O            1   0.353   0.000  Mcompar_y1[13]_x1[13]_LessThan_9_o_cy<0> (Mcompar_y1[13]_x1[13]_LessThan_9_o_cy<0>)
     MUXCY:CI->O           1   0.023   0.000  Mcompar_y1[13]_x1[13]_LessThan_9_o_cy<1> (Mcompar_y1[13]_x1[13]_LessThan_9_o_cy<1>)
     MUXCY:CI->O           1   0.023   0.000  Mcompar_y1[13]_x1[13]_LessThan_9_o_cy<2> (Mcompar_y1[13]_x1[13]_LessThan_9_o_cy<2>)
     MUXCY:CI->O           1   0.023   0.000  Mcompar_y1[13]_x1[13]_LessThan_9_o_cy<3> (Mcompar_y1[13]_x1[13]_LessThan_9_o_cy<3>)
     MUXCY:CI->O           1   0.023   0.000  Mcompar_y1[13]_x1[13]_LessThan_9_o_cy<4> (Mcompar_y1[13]_x1[13]_LessThan_9_o_cy<4>)
     MUXCY:CI->O           1   0.253   0.379  Mcompar_y1[13]_x1[13]_LessThan_9_o_cy<5> (Mcompar_y1[13]_x1[13]_LessThan_9_o_cy<5>)
     LUT5:I3->O            4   0.097   0.525  Mcompar_y1[13]_x1[13]_LessThan_9_o_cy<6> (Mcompar_y1[13]_x1[13]_LessThan_9_o_cy<6>)
     LUT3:I0->O           14   0.097   0.743  Mmux_sum1041 (Mmux_sum104)
     LUT6:I1->O            1   0.097   0.279  Mmux_sum101 (sum_13_OBUF)
     OBUF:I->O                 0.000          sum_13_OBUF (sum<13>)
    ----------------------------------------
    Total                      3.598ns (1.087ns logic, 2.511ns route)
                                       (30.2% logic, 69.8% route)

=========================================================================

Cross Clock Domains Report:
--------------------------

=========================================================================


Total REAL time to Xst completion: 27.00 secs
Total CPU time to Xst completion: 27.44 secs
 
--> 

Total memory usage is 411856 kilobytes

Number of errors   :    0 (   0 filtered)
Number of warnings :   16 (   0 filtered)
Number of infos    :    0 (   0 filtered)

