Release 14.5 - xst P.58f (nt)
Copyright (c) 1995-2012 Xilinx, Inc.  All rights reserved.
--> Parameter TMPDIR set to xst/projnav.tmp


Total REAL time to Xst completion: 2.00 secs
Total CPU time to Xst completion: 1.50 secs
 
--> Parameter xsthdpdir set to xst


Total REAL time to Xst completion: 2.00 secs
Total CPU time to Xst completion: 1.50 secs
 
--> Reading design: file1.prj

TABLE OF CONTENTS
  1) Synthesis Options Summary
  2) HDL Parsing
  3) HDL Elaboration
  4) HDL Synthesis
       4.1) HDL Synthesis Report
  5) Advanced HDL Synthesis
       5.1) Advanced HDL Synthesis Report
  6) Low Level Synthesis
  7) Partition Report
  8) Design Summary
       8.1) Primitive and Black Box Usage
       8.2) Device utilization summary
       8.3) Partition Resource Summary
       8.4) Timing Report
            8.4.1) Clock Information
            8.4.2) Asynchronous Control Signals Information
            8.4.3) Timing Summary
            8.4.4) Timing Details
            8.4.5) Cross Clock Domains Report


=========================================================================
*                      Synthesis Options Summary                        *
=========================================================================
---- Source Parameters
Input File Name                    : "file1.prj"
Ignore Synthesis Constraint File   : NO

---- Target Parameters
Output File Name                   : "file1"
Output Format                      : NGC
Target Device                      : xc7a100t-3-csg324

---- Source Options
Top Module Name                    : file1
Automatic FSM Extraction           : YES
FSM Encoding Algorithm             : Auto
Safe Implementation                : No
FSM Style                          : LUT
RAM Extraction                     : Yes
RAM Style                          : Auto
ROM Extraction                     : Yes
Shift Register Extraction          : YES
ROM Style                          : Auto
Resource Sharing                   : YES
Asynchronous To Synchronous        : NO
Shift Register Minimum Size        : 2
Use DSP Block                      : Auto
Automatic Register Balancing       : No

---- Target Options
LUT Combining                      : Auto
Reduce Control Sets                : Auto
Add IO Buffers                     : YES
Global Maximum Fanout              : 100000
Add Generic Clock Buffer(BUFG)     : 32
Register Duplication               : YES
Optimize Instantiated Primitives   : NO
Use Clock Enable                   : Auto
Use Synchronous Set                : Auto
Use Synchronous Reset              : Auto
Pack IO Registers into IOBs        : Auto
Equivalent register Removal        : YES

---- General Options
Optimization Goal                  : Speed
Optimization Effort                : 1
Power Reduction                    : NO
Keep Hierarchy                     : No
Netlist Hierarchy                  : As_Optimized
RTL Output                         : Yes
Global Optimization                : AllClockNets
Read Cores                         : YES
Write Timing Constraints           : NO
Cross Clock Analysis               : NO
Hierarchy Separator                : /
Bus Delimiter                      : <>
Case Specifier                     : Maintain
Slice Utilization Ratio            : 100
BRAM Utilization Ratio             : 100
DSP48 Utilization Ratio            : 100
Auto BRAM Packing                  : NO
Slice Utilization Ratio Delta      : 5

=========================================================================


=========================================================================
*                          HDL Parsing                                  *
=========================================================================
Parsing VHDL file "C:\Users\Ashish Ojha\Desktop\vlsi\multiplier\multiplier.vhd" into library work
Parsing entity <file1>.
Parsing architecture <Behavioral> of entity <file1>.

=========================================================================
*                            HDL Elaboration                            *
=========================================================================

Elaborating entity <file1> (architecture <Behavioral>) from library <work>.

=========================================================================
*                           HDL Synthesis                               *
=========================================================================

Synthesizing Unit <file1>.
    Related source file is "C:\Users\Ashish Ojha\Desktop\vlsi\multiplier\multiplier.vhd".
    Found 14x14-bit multiplier for signal <n0011> created at line 47.
    Summary:
	inferred   1 Multiplier(s).
Unit <file1> synthesized.

=========================================================================
HDL Synthesis Report

Macro Statistics
# Multipliers                                          : 1
 14x14-bit multiplier                                  : 1
# Xors                                                 : 1
 1-bit xor2                                            : 1

=========================================================================

=========================================================================
*                       Advanced HDL Synthesis                          *
=========================================================================


=========================================================================
Advanced HDL Synthesis Report

Macro Statistics
# Multipliers                                          : 1
 14x14-bit multiplier                                  : 1
# Xors                                                 : 1
 1-bit xor2                                            : 1

=========================================================================

=========================================================================
*                         Low Level Synthesis                           *
=========================================================================

Optimizing unit <file1> ...

Mapping all equations...
Building and optimizing final netlist ...
Found area constraint ratio of 100 (+ 5) on block file1, actual ratio is 0.

Final Macro Processing ...

=========================================================================
Final Register Report

Found no macro
=========================================================================

=========================================================================
*                           Partition Report                            *
=========================================================================

Partition Implementation Status
-------------------------------

  No Partitions were found in this design.

-------------------------------

=========================================================================
*                            Design Summary                             *
=========================================================================

Top Level Output File Name         : file1.ngc

Primitive and Black Box Usage:
------------------------------
# BELS                             : 3
#      GND                         : 1
#      LUT2                        : 1
#      VCC                         : 1
# IO Buffers                       : 45
#      IBUF                        : 30
#      OBUF                        : 15
# DSPs                             : 1
#      DSP48E1                     : 1

Device utilization summary:
---------------------------

Selected Device : 7a100tcsg324-3 


Slice Logic Utilization: 
 Number of Slice LUTs:                    1  out of  63400     0%  
    Number used as Logic:                 1  out of  63400     0%  

Slice Logic Distribution: 
 Number of LUT Flip Flop pairs used:      1
   Number with an unused Flip Flop:       1  out of      1   100%  
   Number with an unused LUT:             0  out of      1     0%  
   Number of fully used LUT-FF pairs:     0  out of      1     0%  
   Number of unique control sets:         0

IO Utilization: 
 Number of IOs:                          45
 Number of bonded IOBs:                  45  out of    210    21%  

Specific Feature Utilization:
 Number of DSP48E1s:                      1  out of    240     0%  

---------------------------
Partition Resource Summary:
---------------------------

  No Partitions were found in this design.

---------------------------


=========================================================================
Timing Report

NOTE: THESE TIMING NUMBERS ARE ONLY A SYNTHESIS ESTIMATE.
      FOR ACCURATE TIMING INFORMATION PLEASE REFER TO THE TRACE REPORT
      GENERATED AFTER PLACE-and-ROUTE.

Clock Information:
------------------
No clock signals found in this design

Asynchronous Control Signals Information:
----------------------------------------
No asynchronous control signals found in this design

Timing Summary:
---------------
Speed Grade: -3

   Minimum period: No path found
   Minimum input arrival time before clock: No path found
   Maximum output required time after clock: No path found
   Maximum combinational path delay: 3.383ns

Timing Details:
---------------
All values displayed in nanoseconds (ns)

=========================================================================
Timing constraint: Default path analysis
  Total number of paths / destination ports: 394 / 15
-------------------------------------------------------------------------
Delay:               3.383ns (Levels of Logic = 3)
  Source:            b<13> (PAD)
  Destination:       out1<13> (PAD)

  Data Path: b<13> to out1<13>
                                Gate     Net
    Cell:in->out      fanout   Delay   Delay  Logical Name (Net Name)
    ----------------------------------------  ------------
     IBUF:I->O             1   0.001   0.279  b_13_IBUF (b_13_IBUF)
     DSP48E1:A13->P23      1   2.823   0.279  Mmult_n0011 (out1_13_OBUF)
     OBUF:I->O                 0.000          out1_13_OBUF (out1<13>)
    ----------------------------------------
    Total                      3.383ns (2.824ns logic, 0.559ns route)
                                       (83.5% logic, 16.5% route)

=========================================================================

Cross Clock Domains Report:
--------------------------

=========================================================================


Total REAL time to Xst completion: 33.00 secs
Total CPU time to Xst completion: 32.55 secs
 
--> 

Total memory usage is 442392 kilobytes

Number of errors   :    0 (   0 filtered)
Number of warnings :    0 (   0 filtered)
Number of infos    :    0 (   0 filtered)

